I, [2015-02-16T19:03:20.326298 #22890]  INFO -- Kitchen: -----> Starting Kitchen (v1.3.1)
I, [2015-02-16T19:03:21.051262 #22890]  INFO -- Kitchen: -----> Creating <default-centos-64>...
I, [2015-02-16T19:04:41.711643 #22890]  INFO -- Kitchen: -----> Kitchen is finished. (1m21.39s)
I, [2015-02-16T19:06:46.503547 #24209]  INFO -- Kitchen: -----> Starting Kitchen (v1.3.1)
I, [2015-02-16T19:06:47.209789 #24209]  INFO -- Kitchen: -----> Destroying <default-centos-64>...
I, [2015-02-16T19:06:49.264342 #24209]  INFO -- Kitchen: -----> Kitchen is finished. (0m2.76s)
I, [2015-02-16T19:07:31.201366 #24280]  INFO -- Kitchen: -----> Starting Kitchen (v1.3.1)
I, [2015-02-16T19:07:31.931583 #24280]  INFO -- Kitchen: -----> Creating <default-centos-64>...
I, [2015-02-16T19:07:32.842104 #24280]  INFO -- Kitchen: -----> Converging <default-centos-64>...
I, [2015-02-16T19:08:06.687350 #24280]  INFO -- Kitchen: -----> Kitchen is finished. (0m35.49s)
I, [2015-02-16T19:15:12.617715 #24768]  INFO -- Kitchen: -----> Starting Kitchen (v1.3.1)
I, [2015-02-16T19:15:13.599246 #24768]  INFO -- Kitchen: -----> Destroying <default-centos-64>...
I, [2015-02-16T19:15:16.034480 #24768]  INFO -- Kitchen: -----> Kitchen is finished. (0m3.42s)
I, [2015-02-16T19:16:09.909947 #24841]  INFO -- Kitchen: -----> Starting Kitchen (v1.3.1)
I, [2015-02-16T19:16:10.648798 #24841]  INFO -- Kitchen: -----> Creating <default-centos-64>...
I, [2015-02-16T19:16:11.607058 #24841]  INFO -- Kitchen: -----> Converging <default-centos-64>...
I, [2015-02-16T19:16:41.436044 #24841]  INFO -- Kitchen: -----> Kitchen is finished. (0m31.53s)
I, [2015-02-16T19:37:45.857848 #25521]  INFO -- Kitchen: -----> Starting Kitchen (v1.3.1)
I, [2015-02-16T19:37:46.594554 #25521]  INFO -- Kitchen: -----> Setting up <default-centos-64>...
I, [2015-02-16T19:37:56.327387 #25521]  INFO -- Kitchen: -----> Verifying <default-centos-64>...
I, [2015-02-16T19:38:07.032022 #25521]  INFO -- Kitchen: -----> Kitchen is finished. (0m21.17s)
I, [2015-02-16T19:39:43.531507 #25664]  INFO -- Kitchen: -----> Starting Kitchen (v1.3.1)
I, [2015-02-16T19:39:44.253551 #25664]  INFO -- Kitchen: -----> Cleaning up any prior instances of <default-centos-64>
I, [2015-02-16T19:39:44.255050 #25664]  INFO -- Kitchen: -----> Destroying <default-centos-64>...
I, [2015-02-16T19:39:46.735928 #25664]  INFO -- Kitchen: -----> Testing <default-centos-64>
I, [2015-02-16T19:39:46.736265 #25664]  INFO -- Kitchen: -----> Creating <default-centos-64>...
I, [2015-02-16T19:39:47.598542 #25664]  INFO -- Kitchen: -----> Converging <default-centos-64>...
I, [2015-02-16T19:40:16.884432 #25664]  INFO -- Kitchen: -----> Setting up <default-centos-64>...
I, [2015-02-16T19:40:25.124302 #25664]  INFO -- Kitchen: -----> Verifying <default-centos-64>...
I, [2015-02-16T19:40:35.622214 #25664]  INFO -- Kitchen: -----> Destroying <default-centos-64>...
I, [2015-02-16T19:40:40.384504 #25664]  INFO -- Kitchen: -----> Kitchen is finished. (0m56.85s)
I, [2015-02-19T14:47:05.571238 #12448]  INFO -- Kitchen: -----> Starting Kitchen (v1.3.1)
I, [2015-02-19T14:47:06.945173 #12448]  INFO -- Kitchen: -----> Creating <default-centos-64>...
I, [2015-02-19T14:47:08.283988 #12448]  INFO -- Kitchen: -----> Converging <default-centos-64>...
I, [2015-02-19T14:48:24.139039 #12448]  INFO -- Kitchen: -----> Kitchen is finished. (1m18.57s)
I, [2015-02-19T15:06:22.611253 #13091]  INFO -- Kitchen: -----> Starting Kitchen (v1.3.1)
I, [2015-02-19T15:06:23.873740 #13091]  INFO -- Kitchen: -----> Destroying <default-centos-64>...
I, [2015-02-19T15:06:26.380666 #13091]  INFO -- Kitchen: -----> Kitchen is finished. (0m3.77s)
I, [2015-02-19T15:07:09.279430 #13196]  INFO -- Kitchen: -----> Starting Kitchen (v1.3.1)
I, [2015-02-19T15:07:09.977156 #13196]  INFO -- Kitchen: -----> Cleaning up any prior instances of <default-centos-64>
I, [2015-02-19T15:07:09.977582 #13196]  INFO -- Kitchen: -----> Destroying <default-centos-64>...
I, [2015-02-19T15:07:09.980002 #13196]  INFO -- Kitchen: -----> Testing <default-centos-64>
I, [2015-02-19T15:07:09.980218 #13196]  INFO -- Kitchen: -----> Creating <default-centos-64>...
I, [2015-02-19T15:07:11.049480 #13196]  INFO -- Kitchen: -----> Converging <default-centos-64>...
I, [2015-02-19T15:08:09.481396 #13196]  INFO -- Kitchen: -----> Setting up <default-centos-64>...
I, [2015-02-19T15:08:19.020287 #13196]  INFO -- Kitchen: -----> Verifying <default-centos-64>...
I, [2015-02-19T15:08:49.553530 #13196]  INFO -- Kitchen: -----> Destroying <default-centos-64>...
I, [2015-02-19T15:08:53.609244 #13196]  INFO -- Kitchen: -----> Kitchen is finished. (1m44.33s)
I, [2015-02-19T15:10:50.593391 #14172]  INFO -- Kitchen: -----> Starting Kitchen (v1.3.1)
I, [2015-02-19T15:10:51.459819 #14172]  INFO -- Kitchen: -----> Cleaning up any prior instances of <default-centos-64>
I, [2015-02-19T15:10:51.460232 #14172]  INFO -- Kitchen: -----> Destroying <default-centos-64>...
I, [2015-02-19T15:10:51.462339 #14172]  INFO -- Kitchen: -----> Testing <default-centos-64>
I, [2015-02-19T15:10:51.462538 #14172]  INFO -- Kitchen: -----> Creating <default-centos-64>...
I, [2015-02-19T15:10:52.519559 #14172]  INFO -- Kitchen: -----> Converging <default-centos-64>...
I, [2015-02-19T15:12:09.819472 #14172]  INFO -- Kitchen: -----> Setting up <default-centos-64>...
I, [2015-02-19T15:12:20.635398 #14172]  INFO -- Kitchen: -----> Verifying <default-centos-64>...
E, [2015-02-19T15:12:31.317946 #14172] ERROR -- Kitchen: Verify failed on instance <default-centos-64>.
I, [2015-02-19T15:14:37.828214 #14855]  INFO -- Kitchen: -----> Starting Kitchen (v1.3.1)
I, [2015-02-19T15:14:38.859213 #14855]  INFO -- Kitchen: -----> Cleaning up any prior instances of <default-centos-64>
I, [2015-02-19T15:14:38.860665 #14855]  INFO -- Kitchen: -----> Destroying <default-centos-64>...
I, [2015-02-19T15:14:41.409347 #14855]  INFO -- Kitchen: -----> Testing <default-centos-64>
I, [2015-02-19T15:14:41.410091 #14855]  INFO -- Kitchen: -----> Creating <default-centos-64>...
I, [2015-02-19T15:14:42.489328 #14855]  INFO -- Kitchen: -----> Converging <default-centos-64>...
I, [2015-02-19T15:15:43.449540 #14855]  INFO -- Kitchen: -----> Setting up <default-centos-64>...
I, [2015-02-19T15:15:52.486571 #14855]  INFO -- Kitchen: -----> Verifying <default-centos-64>...
I, [2015-02-19T15:16:21.388037 #14855]  INFO -- Kitchen: -----> Destroying <default-centos-64>...
I, [2015-02-19T15:16:33.677885 #14855]  INFO -- Kitchen: -----> Kitchen is finished. (1m55.85s)
I, [2015-02-19T15:17:02.803023 #15654]  INFO -- Kitchen: -----> Starting Kitchen (v1.3.1)
I, [2015-02-19T15:17:03.688993 #15654]  INFO -- Kitchen: -----> Creating <default-centos-64>...
I, [2015-02-19T15:17:04.577664 #15654]  INFO -- Kitchen: -----> Converging <default-centos-64>...
I, [2015-02-19T15:18:07.096463 #15654]  INFO -- Kitchen: -----> Setting up <default-centos-64>...
I, [2015-02-19T15:18:18.418220 #15654]  INFO -- Kitchen: -----> Verifying <default-centos-64>...
I, [2015-02-19T15:18:29.307073 #15654]  INFO -- Kitchen: -----> Kitchen is finished. (1m26.50s)
